[Wed Jul 30 22:56:59 CEST 2025] Zahajuji zalohu....
Slozka /Users/jakub.dostal/Documents neexistuje
[Wed Jul 30 22:56:59 CEST 2025] Zaloha dokoncena
[Wed Jul 30 22:57:38 CEST 2025] Zahajuji zalohu....
Slozka /Users/jakub.dostal/Documents neexistuje
[Wed Jul 30 22:57:38 CEST 2025] Zaloha dokoncena
[Wed Jul 30 22:59:48 CEST 2025] Zahajuji zalohu....
Slozka /Users/jakub.dostal/test_backup neexistuje
[Wed Jul 30 22:59:48 CEST 2025] Zaloha dokoncena
[Wed Jul 30 23:00:02 CEST 2025] Zahajuji zalohu....
Slozka /Users/jakub.dostal/test_backup/ neexistuje
[Wed Jul 30 23:00:02 CEST 2025] Zaloha dokoncena
[Wed Jul 30 23:01:08 CEST 2025] Zahajuji zalohu....
Slozka /Users/jakub.dostal/test_backup/ neexistuje
[Wed Jul 30 23:01:08 CEST 2025] Zaloha dokoncena
[Wed Jul 30 23:03:04 CEST 2025] Zahajuji zalohu....
Slozka /Users/jakub.dostal/test_backup/ neexistuje
[Wed Jul 30 23:03:04 CEST 2025] Zaloha dokoncena
[Wed Jul 30 23:04:30 CEST 2025] Zahajuji zalohu....
Slozka /Users/jakub.dostal/test_backup neexistuje
[Wed Jul 30 23:04:30 CEST 2025] Zaloha dokoncena
[Wed Jul 30 23:09:28 CEST 2025] Zahajuji zalohu....
Slozka /Users/jakub.dostal/test_backup neexistuje
[Wed Jul 30 23:09:28 CEST 2025] Zaloha dokoncena
[Wed Jul 30 23:10:03 CEST 2025] Zahajuji zalohu....
Zalohuji test_backup...
Hotovo: /Users/jakub.dostal/backups/backup_20250730_231003.tar.gz
[Wed Jul 30 23:10:03 CEST 2025] Zaloha dokoncena
[Wed Jul 30 23:44:59 CEST 2025] Zahajuji zalohu....
[Wed Jul 30 23:45:34 CEST 2025] Zahajuji zalohu....
[Wed Jul 30 23:45:34 CEST 2025] Zalohuji test_backup...
[Wed Jul 30 23:45:34 CEST 2025] Hotovo: /Users/jakub.dostal/backups/_20250730_234534.tar.gz
[Wed Jul 30 23:45:34 CEST 2025] Zaloha dokoncena
[Wed Jul 30 23:46:16 CEST 2025] Zahajuji zalohu....
[Wed Jul 30 23:46:16 CEST 2025] Zalohuji test_backup...
[Wed Jul 30 23:46:16 CEST 2025] Hotovo: /Users/jakub.dostal/backups/test_backup_20250730_234616.tar.gz
[Wed Jul 30 23:46:16 CEST 2025] Zaloha dokoncena
[Wed Jul 30 23:48:12 CEST 2025] Zahajuji zalohu....
[Wed Jul 30 23:48:12 CEST 2025] Zalohuji test_backup...
[Wed Jul 30 23:48:12 CEST 2025] Hotovo: /Users/jakub.dostal/backups/test_backup_20250730_234812.tar.gz
[Wed Jul 30 23:48:12 CEST 2025] Zaloha dokoncena
[Wed Jul 30 23:48:57 CEST 2025] Zahajuji zalohu....
[Wed Jul 30 23:48:57 CEST 2025] Zalohuji test_backup...
[Wed Jul 30 23:48:57 CEST 2025] Hotovo: /Users/jakub.dostal/backups/test_backup_20250730_234857.tar.gz
[Wed Jul 30 23:48:57 CEST 2025] Zaloha dokoncena
[Wed Jul 30 23:49:38 CEST 2025] Zahajuji zalohu....
[Wed Jul 30 23:49:38 CEST 2025] Zalohuji test_backup...
[Wed Jul 30 23:49:38 CEST 2025] Hotovo: /Users/jakub.dostal/backups/test_backup_20250730_234938.tar.gz
[Wed Jul 30 23:49:38 CEST 2025] Zaloha dokoncena
[Wed Jul 30 23:50:47 CEST 2025] Zahajuji zalohu....
[Wed Jul 30 23:50:47 CEST 2025] Zalohuji test_backup...
[Wed Jul 30 23:50:47 CEST 2025] Hotovo: /Users/jakub.dostal/backups/test_backup_20250730_235047.tar.gz
[Wed Jul 30 23:50:47 CEST 2025] Zaloha dokoncena
